<?xml version="1.0" encoding="UTF-8" ?>
<testsuite tests="4" failures="1" name="TestSuite" time="8.951" errors="0" skipped="0">
  <properties>
    <property name="java.vendor" value="Eclipse OpenJ9"/>
    <property name="sun.java.launcher" value="SUN_STANDARD"/>
    <property name="os.name" value="Windows 10"/>
    <property name="sun.boot.class.path" value="C:\Program Files\AdoptOpenJDK\jdk-8.0.202.08\jre\bin\compressedrefs\jclSC180\vm.jar;C:\Program Files\AdoptOpenJDK\jdk-8.0.202.08\jre\lib\se-service.jar;C:\Program Files\AdoptOpenJDK\jdk-8.0.202.08\jre\lib\rt.jar;C:\Program Files\AdoptOpenJDK\jdk-8.0.202.08\jre\lib\resources.jar;C:\Program Files\AdoptOpenJDK\jdk-8.0.202.08\jre\lib\jsse.jar;C:\Program Files\AdoptOpenJDK\jdk-8.0.202.08\jre\lib\charsets.jar;C:\Program Files\AdoptOpenJDK\jdk-8.0.202.08\jre\lib\jce.jar"/>
    <property name="sun.desktop" value="windows"/>
    <property name="java.vm.specification.vendor" value="Oracle Corporation"/>
    <property name="java.runtime.version" value="1.8.0_202-b08"/>
    <property name="user.name" value="Naveen_Puduru"/>
    <property name="java.compiler" value="j9jit29"/>
    <property name="os.encoding" value="UTF8"/>
    <property name="guice.disable.misplaced.annotation.check" value="true"/>
    <property name="com.ibm.util.extralibs.properties" value=""/>
    <property name="com.ibm.jcl.checkClassPath" value=""/>
    <property name="user.language" value="en"/>
    <property name="com.ibm.oti.vm.bootstrap.library.path" value="C:\Program Files\AdoptOpenJDK\jdk-8.0.202.08\jre\bin\compressedrefs;C:\Program Files\AdoptOpenJDK\jdk-8.0.202.08\jre\bin"/>
    <property name="sun.boot.library.path" value="C:\Program Files\AdoptOpenJDK\jdk-8.0.202.08\jre\bin\compressedrefs;C:\Program Files\AdoptOpenJDK\jdk-8.0.202.08\jre\bin"/>
    <property name="classworlds.conf" value="C:\Users\naveen_puduru\eclipse-workspace\.metadata\.plugins\org.eclipse.m2e.launching\launches\m2conf7762334425189269300.tmp"/>
    <property name="jdk.extensions.version" value="8.0.202.1"/>
    <property name="java.version" value="1.8.0_202"/>
    <property name="user.timezone" value="Asia/Calcutta"/>
    <property name="com.ibm.system.agent.path" value="C:\Program Files\AdoptOpenJDK\jdk-8.0.202.08\jre\bin"/>
    <property name="sun.arch.data.model" value="64"/>
    <property name="com.ibm.zero.version" value="2"/>
    <property name="java.endorsed.dirs" value="C:\Program Files\AdoptOpenJDK\jdk-8.0.202.08\jre\lib\endorsed"/>
    <property name="com.ibm.oti.vm.library.version" value="29"/>
    <property name="sun.jnu.encoding" value="Cp1252"/>
    <property name="file.encoding.pkg" value="sun.io"/>
    <property name="file.separator" value="\"/>
    <property name="java.specification.name" value="Java Platform API Specification"/>
    <property name="java.class.version" value="52.0"/>
    <property name="user.country" value="US"/>
    <property name="java.home" value="C:\Program Files\AdoptOpenJDK\jdk-8.0.202.08\jre"/>
    <property name="java.vm.info" value="JRE 1.8.0 Windows 10 amd64-64-Bit Compressed References 20190205_265 (JIT enabled, AOT enabled)
OpenJ9   - 90dd8cb40
OMR      - d2f4534b
JCL      - d002501a90 based on jdk8u202-b08"/>
    <property name="os.version" value="10.0"/>
    <property name="java.awt.fonts" value=""/>
    <property name="path.separator" value=";"/>
    <property name="java.vm.version" value="openj9-0.12.1"/>
    <property name="user.variant" value=""/>
    <property name="java.awt.printerjob" value="sun.awt.windows.WPrinterJob"/>
    <property name="jdk.extensions.name" value="Extensions for OpenJDK for Eclipse OpenJ9"/>
    <property name="sun.io.unicode.encoding" value="UnicodeLittle"/>
    <property name="awt.toolkit" value="sun.awt.windows.WToolkit"/>
    <property name="ibm.signalhandling.sigint" value="true"/>
    <property name="user.home" value="C:\Users\naveen_puduru"/>
    <property name="com.ibm.cpu.endian" value="little"/>
    <property name="java.specification.vendor" value="Oracle Corporation"/>
    <property name="ibm.signalhandling.sigchain" value="true"/>
    <property name="java.library.path" value="C:\Program Files\AdoptOpenJDK\jdk-8.0.202.08\jre\bin\compressedrefs;C:\Program Files\AdoptOpenJDK\jdk-8.0.202.08\jre\bin;C:\windows\system32;C:\windows;C:/Program Files/AdoptOpenJDK/jre-8.0.202.08/bin/j9vm;C:/Program Files/AdoptOpenJDK/jre-8.0.202.08/bin;C:/Program Files/AdoptOpenJDK/jre-8.0.202.08/lib/amd64;C:\Program Files\AdoptOpenJDK\jre-8.0.202.08\bin;C:\Program Files\AdoptOpenJDK\jdk-8.0.202.08\bin;C:\ProgramData\Oracle\Java\javapath;C:\windows\system32;C:\windows;C:\windows\System32\Wbem;C:\windows\System32\WindowsPowerShell\v1.0\;C:\Program Files\Git\cmd;C:\Program Files\PuTTY\;C:\Users\naveen_puduru\AppData\Roaming\nvm;C:\Program Files\nodejs;C:\Users\naveen_puduru\AppData\Local\Microsoft\WindowsApps;C:\Users\naveen_puduru\AppData\Local\atom\bin;C:\Users\naveen_puduru\AppData\Roaming\nvm;C:\Program Files\nodejs;D:\EclipsePhoton_R4.8.0\Eclipse_IDE_for_Java_Developers;;."/>
    <property name="java.vendor.url" value="http://www.eclipse.org/openj9"/>
    <property name="java.vm.vendor" value="Eclipse OpenJ9"/>
    <property name="java.fullversion" value="1.8.0_202-b08
JRE 1.8.0 Windows 10 amd64-64-Bit Compressed References 20190205_265 (JIT enabled, AOT enabled)
OpenJ9   - 90dd8cb40
OMR      - d2f4534b
JCL      - d002501a90 based on jdk8u202-b08"/>
    <property name="maven.home" value="C:\Users\naveen_puduru\eclipse-workspace\MUCapi\EMBEDDED"/>
    <property name="java.runtime.name" value="OpenJDK Runtime Environment"/>
    <property name="sun.java.command" value="org.codehaus.plexus.classworlds.launcher.Launcher -B test"/>
    <property name="java.class.path" value="D:\EclipsePhoton_R4.8.0\Eclipse_IDE_for_Java_Developers\plugins\org.eclipse.m2e.maven.runtime_1.9.0.20180606-2035\jars\plexus-classworlds-2.5.2.jar"/>
    <property name="java.vm.specification.name" value="Java Virtual Machine Specification"/>
    <property name="java.vm.specification.version" value="1.8"/>
    <property name="sun.cpu.endian" value="little"/>
    <property name="java.io.tmpdir" value="C:\Users\naveen_puduru\AppData\Local\Temp\"/>
    <property name="maven.multiModuleProjectDirectory" value="C:\Users\naveen_puduru\eclipse-workspace\MUCapi"/>
    <property name="ibm.system.encoding" value="Cp1252"/>
    <property name="os.arch" value="amd64"/>
    <property name="java.awt.graphicsenv" value="sun.awt.Win32GraphicsEnvironment"/>
    <property name="ibm.signalhandling.rs" value="false"/>
    <property name="java.ext.dirs" value="C:\Program Files\AdoptOpenJDK\jdk-8.0.202.08\jre\lib\ext"/>
    <property name="user.dir" value="C:\Users\naveen_puduru\eclipse-workspace\MUCapi"/>
    <property name="line.separator" value="
"/>
    <property name="java.vm.name" value="Eclipse OpenJ9 VM"/>
    <property name="com.ibm.oti.shared.enabled" value="false"/>
    <property name="com.ibm.vm.bitmode" value="64"/>
    <property name="file.encoding" value="Cp1252"/>
    <property name="com.ibm.oti.configuration" value="scar"/>
    <property name="java.specification.version" value="1.8"/>
  </properties>
  <testcase classname="com.mu.testcases.NonSubsAdblockTest" name="verifyAdblockAnon" time="4.313"/>
  <testcase classname="com.mu.testcases.NonSubsAdblockTest" name="verifyAdblockRegi" time="2.69">
    <failure message="expected [true] but found [false]" type="java.lang.AssertionError">java.lang.AssertionError: expected [true] but found [false]
	at org.testng.Assert.fail(Assert.java:93)
	at org.testng.Assert.failNotEquals(Assert.java:512)
	at org.testng.Assert.assertTrue(Assert.java:41)
	at org.testng.Assert.assertTrue(Assert.java:51)
	at com.mu.testcases.NonSubsAdblockTest.verifyAdblockRegi(NonSubsAdblockTest.java:67)
</failure>
    <system-out>read excel file is done
MAG_web_non-mobile_regi_kill-set_welcome-ad
welcomeAd excel - MAG_web_non-mobile_regi_kill-set_welcome-ad
barone excel- MAG_web_us_regi
dock excel - MAG_web_non-subs_ad-block_mc-2-3
inline excel - MAG_web_us_regi
gateway excel - MAG_web_us_regi
https://mwcm.nytimes.com/capi/metered_assets?mc=2&amp;mr=0&amp;ma=1&amp;counted=false&amp;granted=true&amp;abra=MC_magnolia_0519%3D1_magnolia&amp;pre_prod=true&amp;areas=barOne&amp;areas=dock&amp;areas=inlineUnit&amp;areas=welcomeAd&amp;areas=truncator&amp;areas=gateway&amp;plat=web&amp;us=regi&amp;adblock=true	
result after Reading JSON Response
welcomeAd - go_to_optimizely
barone- go_to_optimizely
dock- MAG_web_non-subs_ad-block_mc-2-3
inline- go_to_optimizely
gateway- go_to_optimizely
For the asset welcomeAd
Campaign name is not matched i.e. exp. campaign MAG_web_non-mobile_regi_kill-set_welcome-ad and actual campaign is : go_to_optimizely
Status is matched i.e. true
For the asset barOne
Campaign name is not matched i.e. exp. campaign MAG_web_us_regi and actual campaign is : go_to_optimizely
Status is matched i.e. true
For the asset dock
Campaign name is matched i.e. MAG_web_non-subs_ad-block_mc-2-3
Status is matched i.e. true
For the asset inlineUnit
Campaign name is not matched i.e. exp. campaign MAG_web_us_regi and actual campaign is : go_to_optimizely
Status is matched i.e. true
For the asset gateway
Campaign name is not matched i.e. exp. campaign MAG_web_us_regi and actual campaign is : go_to_optimizely
Status is matched i.e. true
</system-out>
  </testcase>
  <testcase classname="com.mu.testcases.WebAnonOptimizely" name="verifyWebAnonOptimizely" time="1.025"/>
  <testcase classname="com.mu.testcases.WebOptimizely" name="verifyWebOptimizely" time="0.923"/>
</testsuite>