<?xml version="1.0" encoding="UTF-8"?>
<!-- Generated by org.testng.reporters.JUnitReportReporter -->
<testsuite skipped="0" hostname="HYDHTC258607L" name="com.mu.testcases.AndroidIOSNonSub" tests="4" failures="0" timestamp="22 Aug 2019 11:28:38 GMT" time="11.990" errors="0">
  <testcase name="verifyAndroidAnon" time="5.819" classname="com.mu.testcases.AndroidIOSNonSub"/>
  <testcase name="verifyIOSRegi" time="1.883" classname="com.mu.testcases.AndroidIOSNonSub"/>
  <testcase name="verifyIOSAnon" time="2.041" classname="com.mu.testcases.AndroidIOSNonSub"/>
  <testcase name="verifyAndroidRegi" time="2.247" classname="com.mu.testcases.AndroidIOSNonSub"/>
</testsuite> <!-- com.mu.testcases.AndroidIOSNonSub -->
