<?xml version="1.0" encoding="UTF-8"?>
<!-- Generated by org.testng.reporters.JUnitReportReporter -->
<testsuite skipped="0" hostname="HYDHTC258607L" name="com.mu.testcases.AndroidIOSKillSet" tests="2" failures="0" timestamp="02 Aug 2019 09:56:10 GMT" time="6.225" errors="0">
  <testcase name="verifyAndroidSub" time="4.693" classname="com.mu.testcases.AndroidIOSKillSet"/>
  <testcase name="verifyIOSSub" time="1.532" classname="com.mu.testcases.AndroidIOSKillSet"/>
</testsuite> <!-- com.mu.testcases.AndroidIOSKillSet -->
