<?xml version="1.0" encoding="UTF-8"?>
<!-- Generated by org.testng.reporters.JUnitReportReporter -->
<testsuite skipped="0" hostname="HYDHTC258607L" name="com.mu.testcases.Opt_WebRegiUS_PayWall" tests="1" failures="0" timestamp="22 Aug 2019 11:28:38 GMT" time="2.183" errors="0">
  <testcase name="verify_WebRegiUS_PayWall" time="2.183" classname="com.mu.testcases.Opt_WebRegiUS_PayWall"/>
</testsuite> <!-- com.mu.testcases.Opt_WebRegiUS_PayWall -->
