<?xml version="1.0" encoding="UTF-8"?>
<!-- Generated by org.testng.reporters.JUnitReportReporter -->
<testsuite skipped="0" hostname="HYDHTC258607L" name="com.mu.testcases.WebOptimizely" tests="1" failures="0" timestamp="22 Aug 2019 11:28:38 GMT" time="1.601" errors="0">
  <testcase name="verifyWebOptimizely" time="1.601" classname="com.mu.testcases.WebOptimizely"/>
</testsuite> <!-- com.mu.testcases.WebOptimizely -->
