<?xml version="1.0" encoding="UTF-8"?>
<!-- Generated by org.testng.reporters.JUnitReportReporter -->
<testsuite skipped="0" hostname="HYDHTC258607L" name="com.mu.testcases.RegiAdblockTest" tests="3" failures="0" timestamp="22 Aug 2019 11:28:38 GMT" time="7.833" errors="0">
  <testcase name="verifyAdblockRegiMC4" time="2.467" classname="com.mu.testcases.RegiAdblockTest"/>
  <testcase name="verifyAdblockRegiMC3" time="2.578" classname="com.mu.testcases.RegiAdblockTest"/>
  <testcase name="verifyAdblockRegiMC2" time="2.788" classname="com.mu.testcases.RegiAdblockTest"/>
</testsuite> <!-- com.mu.testcases.RegiAdblockTest -->
