<?xml version="1.0" encoding="UTF-8"?>
<!-- Generated by org.testng.reporters.JUnitReportReporter -->
<testsuite skipped="0" hostname="HYDHTC258607L" name="com.mu.testcases.WebRegiINYTLight" tests="4" failures="0" timestamp="22 Aug 2019 11:28:38 GMT" time="8.717" errors="0">
  <testcase name="verifyLightTestPortugal" time="2.609" classname="com.mu.testcases.WebRegiINYTLight"/>
  <testcase name="verifyLightTestSpain" time="2.077" classname="com.mu.testcases.WebRegiINYTLight"/>
  <testcase name="verifyLightTestGreece" time="1.884" classname="com.mu.testcases.WebRegiINYTLight"/>
  <testcase name="verifyLightTestItaly" time="2.147" classname="com.mu.testcases.WebRegiINYTLight"/>
</testsuite> <!-- com.mu.testcases.WebRegiINYTLight -->
