<?xml version="1.0" encoding="UTF-8"?>
<!-- Generated by org.testng.reporters.JUnitReportReporter -->
<testsuite skipped="0" hostname="HYDHTC258607L" name="com.mu.testcases.AndroidIOSKillSet" tests="2" failures="0" timestamp="22 Aug 2019 11:28:38 GMT" time="3.248" errors="0">
  <testcase name="verifyIOSSub" time="1.692" classname="com.mu.testcases.AndroidIOSKillSet"/>
  <testcase name="verifyAndroidSub" time="1.556" classname="com.mu.testcases.AndroidIOSKillSet"/>
</testsuite> <!-- com.mu.testcases.AndroidIOSKillSet -->
