<?xml version="1.0" encoding="UTF-8"?>
<!-- Generated by org.testng.reporters.JUnitReportReporter -->
<testsuite skipped="0" hostname="HYDHTC258607L" name="com.mu.testcases.WebSubInlineKillSet" tests="1" failures="0" timestamp="22 Aug 2019 11:28:38 GMT" time="2.665" errors="0">
  <testcase name="verifyWebSubInlineKillSet" time="2.665" classname="com.mu.testcases.WebSubInlineKillSet"/>
</testsuite> <!-- com.mu.testcases.WebSubInlineKillSet -->
