<?xml version="1.0" encoding="UTF-8"?>
<!-- Generated by org.testng.reporters.JUnitReportReporter -->
<testsuite skipped="0" hostname="HYDHTC258607L" name="com.mu.testcases.WebRegiINYTFamily" tests="5" failures="0" timestamp="22 Aug 2019 11:28:38 GMT" time="9.761" errors="0">
  <testcase name="verifyLightTestFinland" time="1.939" classname="com.mu.testcases.WebRegiINYTFamily"/>
  <testcase name="verifyLightTestNorway" time="2.153" classname="com.mu.testcases.WebRegiINYTFamily"/>
  <testcase name="verifyLightTestDenmark" time="1.665" classname="com.mu.testcases.WebRegiINYTFamily"/>
  <testcase name="verifyLightTestNetherlands" time="2.112" classname="com.mu.testcases.WebRegiINYTFamily"/>
  <testcase name="verifyLightTestSweden" time="1.892" classname="com.mu.testcases.WebRegiINYTFamily"/>
</testsuite> <!-- com.mu.testcases.WebRegiINYTFamily -->
