<?xml version="1.0" encoding="UTF-8"?>
<!-- Generated by org.testng.reporters.JUnitReportReporter -->
<testsuite skipped="0" hostname="HYDHTC258607L" name="com.mu.testcases.AndroidIOSNonSub" tests="4" failures="0" timestamp="02 Aug 2019 09:56:10 GMT" time="9.445" errors="0">
  <testcase name="verifyIOSAnon" time="1.317" classname="com.mu.testcases.AndroidIOSNonSub"/>
  <testcase name="verifyIOSRegi" time="1.431" classname="com.mu.testcases.AndroidIOSNonSub"/>
  <testcase name="verifyAndroidRegi" time="1.996" classname="com.mu.testcases.AndroidIOSNonSub"/>
  <testcase name="verifyAndroidAnon" time="4.701" classname="com.mu.testcases.AndroidIOSNonSub"/>
</testsuite> <!-- com.mu.testcases.AndroidIOSNonSub -->
