<?xml version="1.0" encoding="UTF-8"?>
<!-- Generated by org.testng.reporters.JUnitReportReporter -->
<testsuite skipped="0" hostname="HYDHTC258607L" name="com.mu.test.MUSampleTest" tests="1" failures="0" timestamp="21 Jul 2019 05:32:13 GMT" time="0.008" errors="0">
  <testcase name="test1" time="0.008" classname="com.mu.test.MUSampleTest"/>
</testsuite> <!-- com.mu.test.MUSampleTest -->
