<?xml version="1.0" encoding="UTF-8"?>
<!-- Generated by org.testng.reporters.JUnitReportReporter -->
<testsuite skipped="0" hostname="HYDHTC258607L" name="com.mu.testcases.WebOptimizely" tests="1" failures="0" timestamp="21 Jul 2019 17:09:15 GMT" time="0.922" errors="0">
  <testcase name="verifyWebOptimizely" time="0.922" classname="com.mu.testcases.WebOptimizely"/>
</testsuite> <!-- com.mu.testcases.WebOptimizely -->
