<?xml version="1.0" encoding="UTF-8"?>
<!-- Generated by org.testng.reporters.JUnitReportReporter -->
<testsuite skipped="0" hostname="HYDHTC258607L" name="com.mu.testcases.WebAnonOptimizely" tests="1" failures="0" timestamp="21 Jul 2019 17:09:15 GMT" time="1.025" errors="0">
  <testcase name="verifyWebAnonOptimizely" time="1.025" classname="com.mu.testcases.WebAnonOptimizely"/>
</testsuite> <!-- com.mu.testcases.WebAnonOptimizely -->
